  Game.cpp
  HeavyBandit.cpp
c:\users\gabri\desktop\vj\2dgame\02-bubble\02-bubble\heavybandit.cpp(43): warning C4244: '=': conversión de 'float' a 'T'; posible pérdida de datos
          with
          [
              T=int
          ]
c:\users\gabri\desktop\vj\2dgame\02-bubble\02-bubble\heavybandit.cpp(44): warning C4244: '=': conversión de 'float' a 'T'; posible pérdida de datos
          with
          [
              T=int
          ]
  LightBandit.cpp
c:\users\gabri\desktop\vj\2dgame\02-bubble\02-bubble\lightbandit.cpp(43): warning C4244: '=': conversión de 'float' a 'T'; posible pérdida de datos
          with
          [
              T=int
          ]
c:\users\gabri\desktop\vj\2dgame\02-bubble\02-bubble\lightbandit.cpp(44): warning C4244: '=': conversión de 'float' a 'T'; posible pérdida de datos
          with
          [
              T=int
          ]
  Scene.cpp
c:\users\gabri\desktop\vj\2dgame\02-bubble\02-bubble\scene.cpp(112): warning C4390: ';': se encontró una instrucción controlada vacía; ¿es esa la intención?
  Skeleton.cpp
c:\users\gabri\desktop\vj\2dgame\02-bubble\02-bubble\skeleton.cpp(53): warning C4244: '=': conversión de 'float' a 'T'; posible pérdida de datos
          with
          [
              T=int
          ]
c:\users\gabri\desktop\vj\2dgame\02-bubble\02-bubble\skeleton.cpp(54): warning C4244: '=': conversión de 'float' a 'T'; posible pérdida de datos
          with
          [
              T=int
          ]
c:\users\gabri\desktop\vj\2dgame\02-bubble\02-bubble\skeleton.cpp(56): warning C4244: '=': conversión de 'float' a 'T'; posible pérdida de datos
          with
          [
              T=int
          ]
  Sprite.cpp
  main.cpp
  Generando código...
c:\users\gabri\desktop\vj\2dgame\02-bubble\02-bubble\scene.cpp(107): error C4716: 'colision': debe devolver un valor
